<?xml version="1.0" encoding="UTF-8"?>
<!-- Generated by org.testng.reporters.JUnitReportReporter -->
<testsuite skipped="0" hostname="LT-NXT-43" name="qaclickacademy.RESTAPITest" tests="2" failures="0" timestamp="2020-03-28T20:32:22 IST" time="0.016" errors="0">
  <testcase name="postJira" time="0.000" classname="qaclickacademy.RESTAPITest"/>
  <testcase name="deleteTwitter" time="0.016" classname="qaclickacademy.RESTAPITest"/>
</testsuite> <!-- qaclickacademy.RESTAPITest -->
