<?xml version="1.0" encoding="UTF-8"?>
<!-- Generated by org.testng.reporters.JUnitReportReporter -->
<testsuite skipped="0" hostname="LT-NXT-43" name="qaclickacademy.AppiumTest" tests="2" failures="0" timestamp="2020-03-28T20:16:21 IST" time="0.018" errors="0">
  <testcase name="NativeAppAndroid" time="0.000" classname="qaclickacademy.AppiumTest"/>
  <testcase name="IOSApps" time="0.018" classname="qaclickacademy.AppiumTest"/>
</testsuite> <!-- qaclickacademy.AppiumTest -->
