<?xml version="1.0" encoding="UTF-8"?>
<!-- Generated by org.testng.reporters.JUnitReportReporter -->
<testsuite skipped="0" hostname="LT-NXT-43" name="qaclickacademy.AppiumTest" tests="2" failures="0" timestamp="2020-03-30T21:11:45 IST" time="0.004" errors="0">
  <testcase name="NativeAppAndroid" time="0.001" classname="qaclickacademy.AppiumTest"/>
  <system-out/>
  <testcase name="IOSApps" time="0.003" classname="qaclickacademy.AppiumTest"/>
  <system-out/>
</testsuite> <!-- qaclickacademy.AppiumTest -->
